TN:
SF:src\lib\index.ts
FNF:0
FNH:0
LF:0
LH:0
BRF:0
BRH:0
end_of_record
TN:
SF:src\lib\components\CardConfigDialog.svelte
FN:1,CardConfigDialog
FN:9,(anonymous_1)
FN:14,(anonymous_2)
FN:20,handleSave
FN:29,handleCancel
FN:48,(anonymous_5)
FN:61,(anonymous_6)
FN:70,(anonymous_7)
FN:70,(anonymous_8)
FN:67,(anonymous_9)
FN:70,(anonymous_10)
FN:76,(anonymous_11)
FN:76,(anonymous_12)
FN:73,(anonymous_13)
FN:76,(anonymous_14)
FN:82,(anonymous_15)
FN:82,(anonymous_16)
FN:79,(anonymous_17)
FN:82,(anonymous_18)
FN:89,(anonymous_19)
FN:90,(anonymous_20)
FN:45,(anonymous_21)
FN:38,(anonymous_22)
FNF:23
FNH:23
FNDA:6,CardConfigDialog
FNDA:14,(anonymous_1)
FNDA:14,(anonymous_2)
FNDA:1,handleSave
FNDA:2,handleCancel
FNDA:2,(anonymous_5)
FNDA:5,(anonymous_6)
FNDA:10,(anonymous_7)
FNDA:10,(anonymous_8)
FNDA:5,(anonymous_9)
FNDA:20,(anonymous_10)
FNDA:10,(anonymous_11)
FNDA:10,(anonymous_12)
FNDA:5,(anonymous_13)
FNDA:20,(anonymous_14)
FNDA:10,(anonymous_15)
FNDA:10,(anonymous_16)
FNDA:5,(anonymous_17)
FNDA:20,(anonymous_18)
FNDA:5,(anonymous_19)
FNDA:5,(anonymous_20)
FNDA:10,(anonymous_21)
FNDA:10,(anonymous_22)
DA:9,14
DA:11,6
DA:14,6
DA:15,14
DA:16,5
DA:22,1
DA:26,1
DA:30,2
DA:34,14
DA:38,5
DA:45,5
DA:48,2
DA:53,5
DA:57,5
DA:61,5
DA:66,5
DA:67,5
DA:70,10
DA:73,5
DA:76,10
DA:79,5
DA:82,10
DA:88,5
DA:89,5
DA:90,5
LF:25
LH:25
BRDA:15,0,0,5
BRDA:15,0,1,9
BRDA:34,1,0,5
BRDA:34,1,1,9
BRF:4
BRH:4
end_of_record
TN:
SF:src\lib\components\NavigationRail.svelte
FN:1,NavigationRail
FN:12,(anonymous_1)
FN:26,(anonymous_2)
FN:26,(anonymous_3)
FN:27,(anonymous_4)
FN:45,(anonymous_5)
FN:64,(anonymous_6)
FN:69,(anonymous_7)
FN:71,(anonymous_8)
FNF:9
FNH:9
FNDA:5,NavigationRail
FNDA:5,(anonymous_1)
FNDA:10,(anonymous_2)
FNDA:25,(anonymous_3)
FNDA:25,(anonymous_4)
FNDA:25,(anonymous_5)
FNDA:2,(anonymous_6)
FNDA:1,(anonymous_7)
FNDA:6,(anonymous_8)
DA:12,5
DA:14,5
DA:23,5
DA:26,5
DA:27,25
DA:31,25
DA:36,25
DA:44,25
DA:45,25
DA:51,25
DA:56,25
DA:62,5
DA:63,5
DA:64,2
DA:68,7
DA:69,1
DA:71,6
LF:17
LH:17
BRDA:27,0,0,25
BRDA:27,0,1,20
BRDA:27,0,2,20
BRDA:45,1,0,5
BRDA:45,1,1,20
BRDA:31,2,0,5
BRDA:31,2,1,20
BRDA:39,3,0,5
BRDA:39,3,1,20
BRDA:51,4,0,5
BRDA:51,4,1,20
BRDA:68,5,0,1
BRDA:68,5,1,6
BRF:13
BRH:13
end_of_record
TN:
SF:src\lib\components\cards\ButtonCard.svelte
FN:1,ButtonCard
FN:47,(anonymous_1)
FN:49,(anonymous_2)
FN:98,(anonymous_3)
FN:113,(anonymous_4)
FN:119,(anonymous_5)
FN:131,openConfig
FN:137,(anonymous_7)
FN:153,handlePointerDown
FN:172,handlePointerMove
FN:193,handlePointerUp
FN:206,handleToggle
FN:216,handleBrightnessChange
FN:235,handleSwitchClick
FN:261,(anonymous_14)
FN:293,(anonymous_15)
FN:297,(anonymous_16)
FN:308,(anonymous_17)
FN:311,(anonymous_18)
FN:249,(anonymous_19)
FN:250,(anonymous_20)
FNF:21
FNH:13
FNDA:4,ButtonCard
FNDA:4,(anonymous_1)
FNDA:4,(anonymous_2)
FNDA:5,(anonymous_3)
FNDA:4,(anonymous_4)
FNDA:5,(anonymous_5)
FNDA:1,openConfig
FNDA:0,(anonymous_7)
FNDA:0,handlePointerDown
FNDA:0,handlePointerMove
FNDA:0,handlePointerUp
FNDA:1,handleToggle
FNDA:0,handleBrightnessChange
FNDA:1,handleSwitchClick
FNDA:0,(anonymous_14)
FNDA:0,(anonymous_15)
FNDA:6,(anonymous_16)
FNDA:0,(anonymous_17)
FNDA:4,(anonymous_18)
FNDA:8,(anonymous_19)
FNDA:8,(anonymous_20)
DA:31,4
DA:32,4
DA:34,4
DA:35,4
DA:36,4
DA:39,4
DA:40,4
DA:41,4
DA:47,4
DA:49,4
DA:50,4
DA:52,2
DA:56,2
DA:59,0
DA:60,0
DA:65,2
DA:66,1
DA:67,1
DA:68,1
DA:69,1
DA:70,1
DA:71,1
DA:72,1
DA:74,0
DA:75,0
DA:82,2
DA:86,0
DA:95,4
DA:98,4
DA:99,5
DA:101,5
DA:102,1
DA:104,4
DA:108,0
DA:112,4
DA:113,4
DA:119,4
DA:120,5
DA:121,1
DA:123,4
DA:124,0
DA:126,4
DA:132,1
DA:133,1
DA:138,0
DA:139,0
DA:140,0
DA:148,4
DA:149,4
DA:150,4
DA:151,4
DA:154,0
DA:157,0
DA:159,0
DA:160,0
DA:162,0
DA:170,4
DA:173,0
DA:175,0
DA:178,0
DA:179,0
DA:182,0
DA:183,0
DA:186,0
DA:187,0
DA:188,0
DA:194,0
DA:195,0
DA:197,0
DA:199,0
DA:202,0
DA:207,1
DA:210,1
DA:211,1
DA:212,1
DA:217,0
DA:218,0
DA:219,0
DA:220,0
DA:221,0
DA:225,0
DA:236,1
DA:243,4
DA:244,4
DA:249,6
DA:250,8
DA:259,4
DA:261,0
DA:271,4
DA:275,6
DA:279,0
DA:284,4
DA:285,4
DA:286,6
DA:289,4
DA:292,4
DA:293,0
DA:297,6
DA:305,4
DA:308,0
DA:311,4
LF:101
LH:62
BRDA:47,0,0,3
BRDA:47,0,1,1
BRDA:50,1,0,2
BRDA:50,1,1,2
BRDA:52,2,0,2
BRDA:52,2,1,2
BRDA:56,3,0,0
BRDA:56,3,1,2
BRDA:56,4,0,2
BRDA:56,4,1,0
BRDA:59,5,0,0
BRDA:59,5,1,0
BRDA:65,6,0,1
BRDA:65,6,1,1
BRDA:68,7,0,1
BRDA:68,7,1,0
BRDA:69,8,0,1
BRDA:69,8,1,0
BRDA:72,9,0,1
BRDA:72,9,1,0
BRDA:75,10,0,0
BRDA:75,10,1,0
BRDA:82,11,0,0
BRDA:82,11,1,2
BRDA:82,12,0,2
BRDA:82,12,1,0
BRDA:82,12,2,0
BRDA:99,13,0,5
BRDA:99,13,1,0
BRDA:101,14,0,1
BRDA:101,14,1,4
BRDA:113,15,0,4
BRDA:113,15,1,0
BRDA:113,16,0,4
BRDA:113,16,1,4
BRDA:120,17,0,1
BRDA:120,17,1,4
BRDA:120,18,0,5
BRDA:120,18,1,1
BRDA:123,19,0,0
BRDA:123,19,1,4
BRDA:123,20,0,4
BRDA:123,20,1,0
BRDA:134,21,0,1
BRDA:134,21,1,0
BRDA:135,22,0,1
BRDA:135,22,1,1
BRDA:154,23,0,0
BRDA:154,23,1,0
BRDA:173,24,0,0
BRDA:173,24,1,0
BRDA:178,25,0,0
BRDA:178,25,1,0
BRDA:182,26,0,0
BRDA:182,26,1,0
BRDA:182,27,0,0
BRDA:182,27,1,0
BRDA:186,28,0,0
BRDA:186,28,1,0
BRDA:194,29,0,0
BRDA:194,29,1,0
BRDA:197,30,0,0
BRDA:197,30,1,0
BRDA:207,31,0,0
BRDA:207,31,1,1
BRDA:210,32,0,1
BRDA:210,32,1,0
BRDA:217,33,0,0
BRDA:217,33,1,0
BRDA:219,34,0,0
BRDA:219,34,1,0
BRDA:220,35,0,0
BRDA:220,35,1,0
BRDA:236,36,0,1
BRDA:236,36,1,0
BRDA:263,37,0,0
BRDA:263,37,1,0
BRDA:263,38,0,0
BRDA:263,38,1,0
BRDA:259,39,0,0
BRDA:259,39,1,4
BRDA:293,40,0,0
BRDA:293,40,1,0
BRDA:293,41,0,0
BRDA:293,41,1,0
BRDA:292,42,0,0
BRDA:292,42,1,4
BRDA:292,43,0,4
BRDA:292,43,1,0
BRDA:249,44,0,6
BRDA:249,44,1,0
BRDA:251,45,0,6
BRDA:251,45,1,0
BRDA:251,46,0,6
BRDA:251,46,1,0
BRDA:275,47,0,6
BRDA:275,47,1,0
BRF:97
BRH:40
end_of_record
TN:
SF:src\lib\components\cards\MediaCard.svelte
FN:1,MediaCard
FN:20,(anonymous_1)
FN:21,(anonymous_2)
FN:24,(anonymous_3)
FN:25,(anonymous_4)
FN:30,(anonymous_5)
FN:31,(anonymous_6)
FN:32,(anonymous_7)
FN:37,(anonymous_8)
FN:43,(anonymous_9)
FN:50,turnOn
FN:55,openConfig
FN:61,(anonymous_12)
FN:75,(anonymous_13)
FN:92,(anonymous_14)
FN:97,(anonymous_15)
FN:127,(anonymous_16)
FN:136,(anonymous_17)
FN:161,(anonymous_18)
FN:165,(anonymous_19)
FN:169,(anonymous_20)
FN:177,(anonymous_21)
FN:186,(anonymous_22)
FN:209,(anonymous_23)
FN:218,(anonymous_24)
FN:228,(anonymous_25)
FN:254,(anonymous_26)
FN:255,(anonymous_27)
FN:256,(anonymous_28)
FN:265,(anonymous_29)
FN:268,(anonymous_30)
FN:69,(anonymous_31)
FNF:32
FNH:26
FNDA:6,MediaCard
FNDA:6,(anonymous_1)
FNDA:6,(anonymous_2)
FNDA:4,(anonymous_3)
FNDA:4,(anonymous_4)
FNDA:4,(anonymous_5)
FNDA:6,(anonymous_6)
FNDA:6,(anonymous_7)
FNDA:1,(anonymous_8)
FNDA:6,(anonymous_9)
FNDA:1,turnOn
FNDA:1,openConfig
FNDA:0,(anonymous_12)
FNDA:0,(anonymous_13)
FNDA:2,(anonymous_14)
FNDA:2,(anonymous_15)
FNDA:0,(anonymous_16)
FNDA:1,(anonymous_17)
FNDA:1,(anonymous_18)
FNDA:1,(anonymous_19)
FNDA:1,(anonymous_20)
FNDA:0,(anonymous_21)
FNDA:1,(anonymous_22)
FNDA:1,(anonymous_23)
FNDA:0,(anonymous_24)
FNDA:2,(anonymous_25)
FNDA:2,(anonymous_26)
FNDA:2,(anonymous_27)
FNDA:2,(anonymous_28)
FNDA:0,(anonymous_29)
FNDA:6,(anonymous_30)
FNDA:6,(anonymous_31)
DA:13,6
DA:14,6
DA:15,6
DA:16,6
DA:20,6
DA:21,6
DA:24,6
DA:25,6
DA:30,6
DA:31,6
DA:32,6
DA:37,6
DA:42,6
DA:43,6
DA:51,1
DA:56,1
DA:57,1
DA:62,0
DA:63,0
DA:69,6
DA:73,6
DA:74,0
DA:75,0
DA:87,6
DA:89,2
DA:92,2
DA:93,2
DA:94,2
DA:97,2
DA:105,2
DA:112,4
DA:114,1
DA:116,1
DA:117,1
DA:120,1
DA:125,1
DA:126,1
DA:127,0
DA:133,1
DA:136,1
DA:144,1
DA:147,1
DA:148,1
DA:151,1
DA:153,1
DA:156,1
DA:160,1
DA:161,1
DA:164,1
DA:165,3
DA:168,1
DA:169,6
DA:173,3
DA:175,1
DA:176,1
DA:177,0
DA:183,1
DA:186,1
DA:192,1
DA:193,1
DA:196,1
DA:198,1
DA:199,1
DA:201,1
DA:204,1
DA:208,1
DA:209,1
DA:214,2
DA:215,2
DA:216,2
DA:217,0
DA:218,0
DA:225,2
DA:228,2
DA:234,2
DA:235,2
DA:238,2
DA:240,2
DA:243,2
DA:245,2
DA:248,2
DA:253,2
DA:254,2
DA:255,2
DA:256,2
DA:262,6
DA:265,0
DA:268,6
LF:88
LH:79
BRDA:21,0,0,6
BRDA:21,0,1,0
BRDA:24,1,0,4
BRDA:24,1,1,4
BRDA:24,1,2,1
BRDA:25,2,0,4
BRDA:25,2,1,3
BRDA:25,2,2,3
BRDA:30,3,0,4
BRDA:30,3,1,4
BRDA:32,4,0,6
BRDA:32,4,1,4
BRDA:32,4,2,4
BRDA:37,5,0,0
BRDA:37,5,1,1
BRDA:37,6,0,1
BRDA:37,6,1,0
BRDA:37,6,2,0
BRDA:43,7,0,2
BRDA:43,7,1,4
BRDA:45,8,0,0
BRDA:45,8,1,4
BRDA:45,9,0,4
BRDA:45,9,1,0
BRDA:58,10,0,1
BRDA:58,10,1,0
BRDA:59,11,0,1
BRDA:59,11,1,1
BRDA:73,12,0,0
BRDA:73,12,1,6
BRDA:73,13,0,6
BRDA:73,13,1,0
BRDA:73,13,2,0
BRDA:126,14,0,0
BRDA:126,14,1,1
BRDA:117,15,0,0
BRDA:117,15,1,1
BRDA:144,16,0,0
BRDA:144,16,1,1
BRDA:153,17,0,0
BRDA:153,17,1,1
BRDA:156,18,0,1
BRDA:156,18,1,1
BRDA:176,19,0,0
BRDA:176,19,1,1
BRDA:204,20,0,1
BRDA:204,20,1,1
BRDA:216,21,0,0
BRDA:216,21,1,2
BRDA:248,22,0,2
BRDA:248,22,1,1
BRDA:173,23,0,1
BRDA:173,23,1,2
BRDA:112,24,0,1
BRDA:112,24,1,3
BRDA:87,25,0,2
BRDA:87,25,1,4
BRF:57
BRH:41
end_of_record
TN:
SF:src\lib\components\cards\media\MediaControls.svelte
FN:1,MediaControls
FN:9,(anonymous_1)
FN:10,(anonymous_2)
FN:11,(anonymous_3)
FN:13,togglePlay
FN:19,nextTrack
FN:25,prevTrack
FN:33,(anonymous_7)
FN:38,(anonymous_8)
FN:53,(anonymous_9)
FN:53,(anonymous_10)
FN:63,(anonymous_11)
FN:63,(anonymous_12)
FN:65,(anonymous_13)
FN:65,(anonymous_14)
FN:75,(anonymous_15)
FN:75,(anonymous_16)
FNF:17
FNH:17
FNDA:11,MediaControls
FNDA:11,(anonymous_1)
FNDA:11,(anonymous_2)
FNDA:11,(anonymous_3)
FNDA:1,togglePlay
FNDA:1,nextTrack
FNDA:1,prevTrack
FNDA:11,(anonymous_7)
FNDA:11,(anonymous_8)
FNDA:11,(anonymous_9)
FNDA:11,(anonymous_10)
FNDA:10,(anonymous_11)
FNDA:10,(anonymous_12)
FNDA:1,(anonymous_13)
FNDA:1,(anonymous_14)
FNDA:11,(anonymous_15)
FNDA:11,(anonymous_16)
DA:8,11
DA:9,11
DA:10,11
DA:11,11
DA:14,1
DA:20,1
DA:26,1
DA:32,11
DA:33,11
DA:37,11
DA:38,11
DA:44,11
DA:48,11
DA:53,11
DA:57,11
DA:62,11
DA:63,10
DA:65,1
DA:70,11
DA:75,11
LF:20
LH:20
BRDA:33,0,0,1
BRDA:33,0,1,10
BRDA:38,1,0,1
BRDA:38,1,1,10
BRDA:53,2,0,2
BRDA:53,2,1,9
BRDA:63,3,0,2
BRDA:63,3,1,8
BRDA:65,4,0,0
BRDA:65,4,1,1
BRDA:62,5,0,10
BRDA:62,5,1,1
BRDA:75,6,0,2
BRDA:75,6,1,9
BRDA:45,7,0,2
BRDA:45,7,1,9
BRDA:49,8,0,2
BRDA:49,8,1,9
BRDA:58,9,0,2
BRDA:58,9,1,9
BRDA:57,10,0,10
BRDA:57,10,1,1
BRDA:71,11,0,2
BRDA:71,11,1,9
BRF:24
BRH:23
end_of_record
TN:
SF:src\lib\components\cards\media\MediaProgress.svelte
FN:1,MediaProgress
FN:6,(anonymous_1)
FN:8,(anonymous_2)
FN:9,(anonymous_3)
FN:10,(anonymous_4)
FN:13,(anonymous_5)
FN:19,updatePosition
FN:34,(anonymous_7)
FN:42,(anonymous_8)
FN:46,formatTime
FN:54,(anonymous_10)
FN:57,(anonymous_11)
FN:59,(anonymous_12)
FN:76,(anonymous_13)
FN:77,(anonymous_14)
FNF:15
FNH:13
FNDA:7,MediaProgress
FNDA:7,(anonymous_1)
FNDA:7,(anonymous_2)
FNDA:3,(anonymous_3)
FNDA:0,(anonymous_4)
FNDA:7,(anonymous_5)
FNDA:0,updatePosition
FNDA:7,(anonymous_7)
FNDA:7,(anonymous_8)
FNDA:8,formatTime
FNDA:3,(anonymous_10)
FNDA:3,(anonymous_11)
FNDA:3,(anonymous_12)
FNDA:5,(anonymous_13)
FNDA:3,(anonymous_14)
DA:5,7
DA:6,7
DA:8,7
DA:9,7
DA:10,7
DA:13,7
DA:15,7
DA:20,0
DA:21,0
DA:22,0
DA:23,0
DA:24,0
DA:26,0
DA:29,0
DA:30,0
DA:34,7
DA:35,7
DA:36,4
DA:37,4
DA:39,3
DA:40,3
DA:42,7
DA:47,8
DA:48,5
DA:49,5
DA:50,5
DA:54,7
DA:57,7
DA:58,7
DA:59,3
DA:65,7
DA:66,3
DA:67,5
DA:68,5
DA:73,5
DA:76,5
DA:77,3
LF:37
LH:29
BRDA:8,0,0,7
BRDA:8,0,1,4
BRDA:9,1,0,3
BRDA:9,1,1,1
BRDA:20,2,0,0
BRDA:20,2,1,0
BRDA:20,3,0,0
BRDA:20,3,1,0
BRDA:20,3,2,0
BRDA:29,4,0,0
BRDA:29,4,1,0
BRDA:35,5,0,4
BRDA:35,5,1,3
BRDA:36,6,0,4
BRDA:36,6,1,4
BRDA:39,7,0,3
BRDA:39,7,1,3
BRDA:42,8,0,7
BRDA:42,8,1,3
BRDA:47,9,0,3
BRDA:47,9,1,5
BRDA:47,10,0,8
BRDA:47,10,1,5
BRDA:54,11,0,1
BRDA:54,11,1,2
BRDA:57,12,0,1
BRDA:57,12,1,2
BRDA:59,13,0,1
BRDA:59,13,1,2
BRDA:65,14,0,3
BRDA:65,14,1,4
BRF:31
BRH:24
end_of_record
TN:
SF:src\lib\components\cards\media\MediaVolume.svelte
FN:1,MediaVolume
FN:6,(anonymous_1)
FN:14,(anonymous_2)
FN:28,updateVolumeDebounced
FN:30,(anonymous_4)
FN:39,handleSlide
FN:46,(anonymous_6)
FN:49,(anonymous_7)
FN:52,(anonymous_8)
FN:56,(anonymous_9)
FN:56,(anonymous_10)
FN:63,get
FNF:12
FNH:12
FNDA:7,MediaVolume
FNDA:7,(anonymous_1)
FNDA:7,(anonymous_2)
FNDA:1,updateVolumeDebounced
FNDA:1,(anonymous_4)
FNDA:1,handleSlide
FNDA:7,(anonymous_6)
FNDA:7,(anonymous_7)
FNDA:7,(anonymous_8)
FNDA:7,(anonymous_9)
FNDA:7,(anonymous_10)
FNDA:21,get
DA:5,7
DA:6,7
DA:9,7
DA:14,7
DA:15,7
DA:18,4
DA:22,4
DA:29,1
DA:30,1
DA:31,1
DA:40,1
DA:41,1
DA:42,1
DA:46,7
DA:49,7
DA:52,7
DA:55,7
DA:56,7
DA:58,7
DA:59,12
DA:63,1
DA:81,12
DA:87,12
DA:90,12
LF:24
LH:24
BRDA:15,0,0,4
BRDA:15,0,1,3
BRDA:18,1,0,4
BRDA:18,1,1,0
BRDA:18,2,0,4
BRDA:18,2,1,4
BRDA:18,2,2,0
BRDA:46,3,0,1
BRDA:46,3,1,6
BRDA:49,4,0,1
BRDA:49,4,1,6
BRDA:52,5,0,1
BRDA:52,5,1,6
BRDA:73,6,0,2
BRDA:73,6,1,10
BRDA:76,7,0,2
BRDA:76,7,1,10
BRDA:90,8,0,12
BRDA:90,8,1,0
BRF:19
BRH:16
end_of_record
TN:
SF:src\lib\components\layout\ErrorBoundary.svelte
FN:1,ErrorBoundary
FN:14,handleError
FN:23,(anonymous_2)
FN:28,(anonymous_3)
FN:31,(anonymous_4)
FNF:5
FNH:5
FNDA:3,ErrorBoundary
FNDA:2,handleError
FNDA:3,(anonymous_2)
FNDA:1,(anonymous_3)
FNDA:1,(anonymous_4)
DA:12,3
DA:15,2
DA:19,3
DA:21,5
DA:23,1
DA:25,1
DA:28,1
DA:29,1
DA:31,1
LF:9
LH:9
BRDA:15,0,0,2
BRDA:15,0,1,0
BRDA:15,1,0,0
BRDA:15,1,1,0
BRDA:21,2,0,2
BRDA:21,2,1,3
BRF:6
BRH:3
end_of_record
TN:
SF:src\lib\components\layout\PageShell.svelte
FN:1,PageShell
FNF:1
FNH:1
FNDA:6,PageShell
DA:15,6
DA:20,6
DA:31,6
DA:32,7
DA:33,6
DA:34,6
DA:35,6
DA:39,1
DA:47,1
LF:9
LH:9
BRDA:32,0,0,7
BRDA:32,0,1,0
BRF:2
BRH:1
end_of_record
TN:
SF:src\lib\components\md3\Button.svelte
FN:1,Button
FN:39,(anonymous_1)
FN:48,(anonymous_2)
FNF:3
FNH:3
FNDA:18,Button
FNDA:19,(anonymous_1)
FNDA:4,(anonymous_2)
DA:16,18
DA:19,18
DA:20,18
DA:25,18
DA:28,18
DA:39,19
DA:44,19
DA:48,4
DA:54,2
LF:9
LH:9
BRDA:39,0,0,6
BRDA:39,0,1,13
BRDA:40,1,0,2
BRDA:40,1,1,11
BRDA:48,2,0,4
BRDA:48,2,1,3
BRDA:45,3,0,19
BRDA:45,3,1,0
BRDA:46,4,0,19
BRDA:46,4,1,0
BRDA:47,5,0,19
BRDA:47,5,1,0
BRF:12
BRH:9
end_of_record
TN:
SF:src\lib\components\md3\Card.svelte
FN:1,Card
FN:48,(anonymous_1)
FN:44,(anonymous_2)
FNF:3
FNH:3
FNDA:6,Card
FNDA:1,(anonymous_1)
FNDA:6,(anonymous_2)
DA:14,6
DA:17,6
DA:21,6
DA:24,6
DA:30,6
DA:44,6
LF:6
LH:6
BRDA:45,0,0,6
BRDA:45,0,1,0
BRDA:46,1,0,6
BRDA:46,1,1,0
BRDA:47,2,0,6
BRDA:47,2,1,0
BRF:6
BRH:3
end_of_record
TN:
SF:src\lib\components\md3\Checkbox.svelte
FN:1,Checkbox
FN:18,handleChange
FNF:2
FNH:2
FNDA:6,Checkbox
FNDA:2,handleChange
DA:11,6
DA:12,6
DA:13,6
DA:15,6
DA:19,2
DA:20,1
DA:21,1
DA:25,7
DA:30,7
DA:45,6
DA:56,6
DA:57,1
DA:58,6
DA:59,2
LF:14
LH:14
BRDA:19,0,0,1
BRDA:19,0,1,1
BRDA:58,1,0,2
BRDA:58,1,1,4
BRDA:56,2,0,1
BRDA:56,2,1,5
BRDA:26,3,0,1
BRDA:26,3,1,6
BRDA:28,4,0,7
BRDA:28,4,1,0
BRF:10
BRH:9
end_of_record
TN:
SF:src\lib\components\md3\Chip.svelte
FN:1,Chip
FN:35,(anonymous_1)
FN:42,(anonymous_2)
FN:45,(anonymous_3)
FN:72,(anonymous_4)
FN:78,(anonymous_5)
FNF:6
FNH:6
FNDA:8,Chip
FNDA:8,(anonymous_1)
FNDA:8,(anonymous_2)
FNDA:1,(anonymous_3)
FNDA:2,(anonymous_4)
FNDA:1,(anonymous_5)
DA:17,8
DA:20,8
DA:23,8
DA:27,8
DA:35,8
DA:36,8
DA:37,1
DA:39,7
DA:42,8
DA:45,8
DA:47,8
DA:48,1
DA:61,1
DA:62,1
DA:66,8
DA:69,8
DA:70,3
DA:73,2
DA:78,1
LF:19
LH:19
BRDA:36,0,0,1
BRDA:36,0,1,7
BRDA:36,1,0,8
BRDA:36,1,1,1
BRDA:42,2,0,2
BRDA:42,2,1,6
BRDA:42,3,0,8
BRDA:42,3,1,7
BRDA:47,4,0,1
BRDA:47,4,1,7
BRDA:47,5,0,8
BRDA:47,5,1,1
BRDA:78,6,0,1
BRDA:78,6,1,1
BRDA:69,7,0,3
BRDA:69,7,1,5
BRDA:69,8,0,8
BRDA:69,8,1,3
BRDA:45,9,0,8
BRDA:45,9,1,0
BRDA:45,10,0,8
BRDA:45,10,1,0
BRDA:45,11,0,8
BRDA:45,11,1,0
BRF:24
BRH:21
end_of_record
TN:
SF:src\lib\components\md3\FAB.svelte
FN:1,FAB
FN:52,(anonymous_1)
FN:56,(anonymous_2)
FN:62,(anonymous_3)
FNF:4
FNH:4
FNDA:7,FAB
FNDA:8,(anonymous_1)
FNDA:8,(anonymous_2)
FNDA:1,(anonymous_3)
DA:18,7
DA:19,7
DA:23,7
DA:27,7
DA:32,7
DA:39,7
DA:52,8
DA:55,7
DA:56,8
DA:60,8
DA:65,8
DA:70,7
DA:74,7
DA:75,1
LF:14
LH:14
BRDA:56,0,0,1
BRDA:56,0,1,7
BRDA:74,1,0,1
BRDA:74,1,1,6
BRDA:74,2,0,7
BRDA:74,2,1,1
BRDA:61,3,0,8
BRDA:61,3,1,0
BRDA:61,4,0,8
BRDA:61,4,1,0
BRDA:61,5,0,8
BRDA:61,5,1,0
BRDA:65,6,0,1
BRDA:65,6,1,7
BRF:14
BRH:11
end_of_record
TN:
SF:src\lib\components\md3\Radio.svelte
FN:1,Radio
FN:18,handleChange
FN:24,(anonymous_2)
FNF:3
FNH:3
FNDA:6,Radio
FNDA:2,handleChange
FNDA:7,(anonymous_2)
DA:11,6
DA:13,6
DA:15,6
DA:19,2
DA:20,1
DA:24,7
DA:27,7
DA:32,7
LF:8
LH:8
BRDA:19,0,0,1
BRDA:19,0,1,1
BRDA:28,1,0,1
BRDA:28,1,1,6
BRDA:30,2,0,7
BRDA:30,2,1,0
BRF:6
BRH:5
end_of_record
TN:
SF:src\lib\components\md3\Switch.svelte
FN:1,Switch
FN:16,handleChange
FNF:2
FNH:2
FNDA:5,Switch
FNDA:2,handleChange
DA:10,5
DA:11,5
DA:13,5
DA:17,2
DA:18,1
DA:19,1
DA:23,6
DA:28,6
LF:8
LH:8
BRDA:17,0,0,1
BRDA:17,0,1,1
BRDA:24,1,0,1
BRDA:24,1,1,5
BRDA:26,2,0,6
BRDA:26,2,1,0
BRF:6
BRH:5
end_of_record
TN:
SF:src\lib\components\md3\TextField.svelte
FN:1,TextField
FN:62,(anonymous_1)
FN:67,(anonymous_2)
FN:87,(anonymous_3)
FN:84,get
FNF:5
FNH:5
FNDA:22,TextField
FNDA:22,(anonymous_1)
FNDA:22,(anonymous_2)
FNDA:1,(anonymous_3)
FNDA:62,get
DA:21,22
DA:23,22
DA:24,22
DA:25,22
DA:29,22
DA:30,22
DA:35,22
DA:42,22
DA:52,22
DA:61,22
DA:62,22
DA:67,22
DA:72,22
DA:73,22
DA:76,1
DA:77,1
DA:82,22
DA:83,22
DA:98,22
DA:117,1
DA:118,1
DA:125,1
LF:22
LH:22
BRDA:62,0,0,1
BRDA:62,0,1,21
BRDA:68,1,0,21
BRDA:68,1,1,1
BRDA:126,2,0,1
BRDA:126,2,1,0
BRDA:83,3,0,22
BRDA:83,3,1,0
BRDA:98,4,0,22
BRDA:98,4,1,0
BRDA:108,5,0,1
BRDA:108,5,1,21
BRF:12
BRH:9
end_of_record
TN:
SF:src\lib\stores\cardEditor.svelte.ts
FN:4,(anonymous_0)
FN:5,(anonymous_1)
FN:5,(anonymous_2)
FN:7,(anonymous_3)
FN:12,(anonymous_4)
FN:16,(anonymous_5)
FNF:6
FNH:5
FNDA:54,(anonymous_0)
FNDA:0,(anonymous_1)
FNDA:19,(anonymous_2)
FNDA:8,(anonymous_3)
FNDA:11,(anonymous_4)
FNDA:2,(anonymous_5)
DA:4,11
DA:5,11
DA:8,8
DA:9,8
DA:13,11
DA:17,2
DA:18,2
DA:22,7
LF:8
LH:8
BRF:0
BRH:0
end_of_record
TN:
SF:src\lib\stores\ha.svelte.ts
FN:14,(anonymous_0)
FN:15,(anonymous_1)
FN:16,(anonymous_2)
FN:17,(anonymous_3)
FN:18,(anonymous_4)
FN:18,(anonymous_5)
FN:19,(anonymous_6)
FN:21,(anonymous_7)
FN:27,(anonymous_8)
FN:43,(anonymous_9)
FN:58,(anonymous_10)
FN:65,(anonymous_11)
FN:77,(anonymous_12)
FN:81,(anonymous_13)
FN:92,(anonymous_14)
FN:98,(anonymous_15)
FN:106,(anonymous_16)
FNF:17
FNH:15
FNDA:13,(anonymous_0)
FNDA:6,(anonymous_1)
FNDA:2,(anonymous_2)
FNDA:4,(anonymous_3)
FNDA:1,(anonymous_4)
FNDA:1,(anonymous_5)
FNDA:0,(anonymous_6)
FNDA:14,(anonymous_7)
FNDA:14,(anonymous_8)
FNDA:1,(anonymous_9)
FNDA:1,(anonymous_10)
FNDA:0,(anonymous_11)
FNDA:2,(anonymous_12)
FNDA:1,(anonymous_13)
FNDA:1,(anonymous_14)
FNDA:1,(anonymous_15)
FNDA:2,(anonymous_16)
DA:14,14
DA:15,14
DA:16,14
DA:17,14
DA:18,14
DA:19,14
DA:22,14
DA:23,14
DA:28,14
DA:30,14
DA:31,14
DA:32,0
DA:33,0
DA:36,0
DA:37,0
DA:44,1
DA:45,1
DA:47,1
DA:48,1
DA:49,1
DA:50,1
DA:51,1
DA:53,0
DA:54,0
DA:59,1
DA:60,1
DA:61,1
DA:62,1
DA:65,1
DA:66,0
DA:72,0
DA:73,0
DA:78,2
DA:82,1
DA:83,1
DA:84,1
DA:86,1
DA:88,1
DA:93,1
DA:94,1
DA:99,1
DA:100,1
DA:101,1
DA:103,0
DA:107,2
DA:108,1
DA:112,6
LF:47
LH:37
BRDA:22,0,0,14
BRDA:22,0,1,0
BRDA:31,1,0,0
BRDA:31,1,1,14
BRDA:36,2,0,0
BRDA:36,2,1,0
BRDA:43,3,0,1
BRDA:44,4,0,0
BRDA:44,4,1,1
BRDA:82,5,0,1
BRDA:82,5,1,0
BRDA:93,6,0,1
BRDA:93,6,1,0
BRDA:99,7,0,1
BRDA:99,7,1,0
BRDA:101,8,0,1
BRDA:101,8,1,0
BRDA:107,9,0,1
BRDA:107,9,1,1
BRF:19
BRH:10
end_of_record
TN:
SF:src\lib\stores\theme.svelte.ts
FN:14,(anonymous_0)
FN:16,(anonymous_1)
FN:19,(anonymous_2)
FN:19,(anonymous_3)
FN:24,(anonymous_4)
FN:26,(anonymous_5)
FN:27,(anonymous_6)
FN:34,(anonymous_7)
FN:40,(anonymous_8)
FN:52,(anonymous_9)
FN:99,(anonymous_10)
FNF:11
FNH:10
FNDA:17,(anonymous_0)
FNDA:78,(anonymous_1)
FNDA:15,(anonymous_2)
FNDA:45,(anonymous_3)
FNDA:14,(anonymous_4)
FNDA:14,(anonymous_5)
FNDA:16,(anonymous_6)
FNDA:0,(anonymous_7)
FNDA:20,(anonymous_8)
FNDA:640,(anonymous_9)
FNDA:25,(anonymous_10)
DA:16,14
DA:20,15
DA:21,15
DA:26,14
DA:27,14
DA:28,0
DA:29,16
DA:35,0
DA:36,0
DA:41,20
DA:42,20
DA:45,20
DA:46,5
DA:48,15
DA:52,20
DA:53,640
DA:57,20
DA:58,20
DA:59,20
DA:60,20
DA:62,20
DA:63,20
DA:64,20
DA:65,20
DA:67,20
DA:68,20
DA:69,20
DA:70,20
DA:72,20
DA:73,20
DA:74,20
DA:75,20
DA:77,20
DA:78,20
DA:80,20
DA:81,20
DA:82,20
DA:83,20
DA:85,20
DA:86,20
DA:88,20
DA:89,20
DA:90,20
DA:93,20
DA:95,20
DA:98,5
DA:99,25
DA:101,5
DA:102,5
DA:103,5
DA:104,5
DA:105,5
DA:108,15
DA:109,15
DA:110,15
DA:111,15
DA:112,15
DA:118,7
LF:58
LH:55
BRDA:28,0,0,0
BRDA:28,0,1,16
BRDA:41,1,0,5
BRDA:41,1,1,15
BRDA:45,2,0,5
BRDA:45,2,1,15
BRDA:95,3,0,5
BRDA:95,3,1,15
BRF:8
BRH:7
end_of_record
TN:
SF:src\lib\utils\entity.ts
FN:6,supportsBrightness
FN:8,(anonymous_1)
FN:18,getDomain
FN:25,getEntityName
FN:32,isEntityActive
FNF:5
FNH:5
FNDA:10,supportsBrightness
FNDA:4,(anonymous_1)
FNDA:5,getDomain
FNDA:5,getEntityName
FNDA:7,isEntityActive
DA:7,10
DA:8,5
DA:9,4
DA:12,5
DA:19,5
DA:26,5
DA:33,7
LF:7
LH:7
BRDA:7,0,0,5
BRDA:7,0,1,5
BRDA:12,1,0,5
BRDA:12,1,1,1
BRDA:26,2,0,5
BRDA:26,2,1,2
BRDA:26,2,2,1
BRDA:33,3,0,7
BRDA:33,3,1,6
BRDA:33,3,2,5
BRDA:33,3,3,4
BRF:11
BRH:11
end_of_record
TN:
SF:src\lib\utils\gestures.ts
FN:8,createDragState
FN:17,calculatePercentage
FN:27,shouldThrottle
FNF:3
FNH:3
FNDA:1,createDragState
FNDA:7,calculatePercentage
FNDA:4,shouldThrottle
DA:9,1
DA:21,7
DA:22,7
DA:23,7
DA:24,7
DA:31,4
LF:6
LH:6
BRDA:29,0,0,4
BRF:1
BRH:1
end_of_record
TN:
SF:src\lib\utils\index.ts
FNF:0
FNH:0
LF:0
LH:0
BRF:0
BRH:0
end_of_record
